#
# A fatal error has been detected by the Java Runtime Environment:
#
#  SIGSEGV (0xb) at pc=0x00000001013e25fa, pid=8054, tid=10243
#
# JRE version: Java(TM) SE Runtime Environment (9.0+11) (build 9.0.4+11)
# Java VM: Java HotSpot(TM) 64-Bit Server VM (9.0.4+11, mixed mode, tiered, compressed oops, g1 gc, bsd-amd64)
# Problematic frame:
# V  [libjvm.dylib+0x3e25fa]  jni_GetStringUTFChars+0x95
#
# No core dump will be written. Core dumps have been disabled. To enable core dumping, try "ulimit -c unlimited" before starting Java again
#
# If you would like to submit a bug report, please visit:
#   http://bugreport.java.com/bugreport/crash.jsp
#

---------------  S U M M A R Y ------------

Command Line: -Dfile.encoding=UTF-8 org.apache.catalina.startup.Tomcat$1

Host: iMac14,2 x86_64 3400 MHz, 4 cores, 8G, Darwin 17.7.0
Time: Thu Oct 18 21:37:43 2018 EDT elapsed time: 0 seconds (0d 0h 0m 0s)

---------------  T H R E A D  ---------------

Current thread (0x00007fbc3380e000):  JavaThread "main" [_thread_in_vm, id=10243, stack(0x000070000b6e0000,0x000070000b7e0000)]

Stack: [0x000070000b6e0000,0x000070000b7e0000],  sp=0x000070000b7dfd30,  free space=1023k
Native frames: (J=compiled Java code, A=aot compiled Java code, j=interpreted, Vv=VM code, C=native code)
V  [libjvm.dylib+0x3e25fa]  jni_GetStringUTFChars+0x95
C  [java+0x7613]  PostJVMInit+0xb0
C  [java+0x4d58]  JavaMain+0xaeb
C  [libsystem_pthread.dylib+0x3661]  _pthread_body+0x154
C  [libsystem_pthread.dylib+0x350d]  _pthread_body+0x0
C  [libsystem_pthread.dylib+0x2bf9]  thread_start+0xd
C  0x0000000000000000


siginfo: si_signo: 11 (SIGSEGV), si_code: 1 (SEGV_MAPERR), si_addr: 0x0000000000000000

Register to memory mapping:

RAX=0x0000000101946900: _ZN22ResourceContextFactory6_mutexE+0 in /Library/Java/JavaVirtualMachines/jdk-9.0.4.jdk/Contents/Home/lib/server/libjvm.dylib at 0x0000000101000000
RBX=0x00007fbc3380e000 is a thread
RCX=0x0000000101944ea0: _ZN2os16_processor_countE+0 in /Library/Java/JavaVirtualMachines/jdk-9.0.4.jdk/Contents/Home/lib/server/libjvm.dylib at 0x0000000101000000
RDX=0x0000000000000000 is an unknown value
RSP=0x000070000b7dfd30 is pointing into the stack for thread: 0x00007fbc3380e000
RBP=0x000070000b7dfdc0 is pointing into the stack for thread: 0x00007fbc3380e000
RSI=0x0000000000000000 is an unknown value
RDI=0x00007fbc3380e218 is an unknown value
R8 =0x00007fbc33540750 is an unknown value
R9 =0x0000000000000000 is an unknown value
R10=0x000000010194c150: _ZN19TemplateInterpreter13_active_tableE+0x4000 in /Library/Java/JavaVirtualMachines/jdk-9.0.4.jdk/Contents/Home/lib/server/libjvm.dylib at 0x0000000101000000
R11=0x0000000000000000 is an unknown value
R12=0x00007fbc3380e218 is an unknown value
R13=0x645677a261cf00ac is an unknown value
R14=0x0000000000000000 is an unknown value
R15=0x0000000000000000 is an unknown value


Registers:
RAX=0x0000000101946900, RBX=0x00007fbc3380e000, RCX=0x0000000101944ea0, RDX=0x0000000000000000
RSP=0x000070000b7dfd30, RBP=0x000070000b7dfdc0, RSI=0x0000000000000000, RDI=0x00007fbc3380e218
R8 =0x00007fbc33540750, R9 =0x0000000000000000, R10=0x000000010194c150, R11=0x0000000000000000
R12=0x00007fbc3380e218, R13=0x645677a261cf00ac, R14=0x0000000000000000, R15=0x0000000000000000
RIP=0x00000001013e25fa, EFLAGS=0x0000000000010246, ERR=0x0000000000000004
  TRAPNO=0x000000000000000e

Top of Stack: (sp=0x000070000b7dfd30)
0x000070000b7dfd30:   000070000000000c 0000000000000000
0x000070000b7dfd40:   00007fbc3380e000 0000000000000000
0x000070000b7dfd50:   000070000b7dfdc0 00000001013d643a
0x000070000b7dfd60:   000070000b7dfd70 00007fbc3380e000
0x000070000b7dfd70:   0000000000000000 00000001017159ed
0x000070000b7dfd80:   0000000000000000 00007fbc3380e000
0x000070000b7dfd90:   00007fbc3380e000 00007fbc3380e218
0x000070000b7dfda0:   00007fbc3350c038 645677a261cf00ac
0x000070000b7dfdb0:   0000000000000000 00007fbc3350c040
0x000070000b7dfdc0:   000070000b7dfe50 00000001006e6613
0x000070000b7dfdd0:   000070000b7dfe10 00000001013d4ce1
0x000070000b7dfde0:   000070000b7dfdf0 0000000101715a59
0x000070000b7dfdf0:   000070000b7dfe10 00000001017159ed
0x000070000b7dfe00:   0000000000000000 00007fbc3380e218
0x000070000b7dfe10:   000070000b7dfe50 00000001013d4ce1
0x000070000b7dfe20:   645677a261cf00ac 00007fbc3380e218
0x000070000b7dfe30:   00007fbc3350c038 0000000000000000
0x000070000b7dfe40:   00007fbc3350c050 00007fbc3350c040
0x000070000b7dfe50:   000070000b7dfef0 00000001006e3d58
0x000070000b7dfe60:   0000000000000000 0000000000000000
0x000070000b7dfe70:   0000000000000000 0000000000000000
0x000070000b7dfe80:   00007fbc335038a8 0000000000000000
0x000070000b7dfe90:   0000000000000001 00007fbc33502c10
0x000070000b7dfea0:   00007fbc3380e218 00000001018f90c8
0x000070000b7dfeb0:   0000000400010002 00007fbc334051f0
0x000070000b7dfec0:   0000000000000000 000070000b7e0000
0x000070000b7dfed0:   00000001006e326d 0000000000000000
0x000070000b7dfee0:   000070000b7e0000 0000000000000000
0x000070000b7dfef0:   000070000b7dff20 00007fff56723661
0x000070000b7dff00:   0000000000000001 000070000b7e0000
0x000070000b7dff10:   00000000180008ff 000070000b5d5ce0
0x000070000b7dff20:   000070000b7dff50 00007fff5672350d 

Instructions: (pc=0x00000001013e25fa)
0x00000001013e25da:   89 e7 4c 89 fe 4c 89 f2 90 0f 1f 40 00 41 f6 c7
0x00000001013e25ea:   01 74 0d 4c 89 ff e8 47 b6 02 00 49 89 c7 eb 03
0x00000001013e25fa:   4d 8b 3f 4c 89 b5 78 ff ff ff 48 8d 05 cd e3 54
0x00000001013e260a:   00 48 8d 0d 06 df 54 00 80 39 00 48 63 00 74 1e 


---------------  P R O C E S S  ---------------

Java Threads: ( => current thread )
  0x00007fbc3501d800 JavaThread "Service Thread" daemon [_thread_blocked, id=42243, stack(0x000070000cc1f000,0x000070000cd1f000)]
  0x00007fbc35032000 JavaThread "Common-Cleaner" daemon [_thread_blocked, id=23043, stack(0x000070000cb1c000,0x000070000cc1c000)]
  0x00007fbc3501d000 JavaThread "Sweeper thread" daemon [_thread_blocked, id=42755, stack(0x000070000ca19000,0x000070000cb19000)]
  0x00007fbc338f3800 JavaThread "C1 CompilerThread2" daemon [_thread_blocked, id=22531, stack(0x000070000c916000,0x000070000ca16000)]
  0x00007fbc338e6000 JavaThread "C2 CompilerThread1" daemon [_thread_blocked, id=22275, stack(0x000070000c813000,0x000070000c913000)]
  0x00007fbc35014000 JavaThread "C2 CompilerThread0" daemon [_thread_blocked, id=21763, stack(0x000070000c710000,0x000070000c810000)]
  0x00007fbc338e5000 JavaThread "Signal Dispatcher" daemon [_thread_blocked, id=16395, stack(0x000070000c60d000,0x000070000c70d000)]
  0x00007fbc338ad000 JavaThread "Finalizer" daemon [_thread_blocked, id=18179, stack(0x000070000c50a000,0x000070000c60a000)]
  0x00007fbc3500e800 JavaThread "Reference Handler" daemon [_thread_blocked, id=14339, stack(0x000070000c407000,0x000070000c507000)]
=>0x00007fbc3380e000 JavaThread "main" [_thread_in_vm, id=10243, stack(0x000070000b6e0000,0x000070000b7e0000)]

Other Threads:
  0x00007fbc34014800 VMThread "VM Thread" [stack: 0x000070000c304000,0x000070000c404000] [id=14083]
  0x00007fbc3403b800 WatcherThread [stack: 0x000070000cd22000,0x000070000ce22000] [id=41987]
  0x00007fbc34009800 GCTaskThread "GC Thread#0" [stack: 0x000070000b7e3000,0x000070000b8e3000] [id=10755]
  0x00007fbc34805800 GCTaskThread "GC Thread#1" [stack: 0x000070000b8e6000,0x000070000b9e6000] [id=11267]
  0x00007fbc33800800 GCTaskThread "GC Thread#2" [stack: 0x000070000b9e9000,0x000070000bae9000] [id=11779]
  0x00007fbc33817000 GCTaskThread "GC Thread#3" [stack: 0x000070000baec000,0x000070000bbec000] [id=12291]
  0x00007fbc35000800 ConcurrentGCThread "G1 Main Marker" [stack: 0x000070000c0fe000,0x000070000c1fe000] [id=19459]
  0x00007fbc34806000 ConcurrentGCThread "G1 Marker#0" [stack: 0x000070000c201000,0x000070000c301000] [id=18947]
  0x00007fbc3381e000 ConcurrentGCThread "G1 Refine#0" [stack: 0x000070000bef8000,0x000070000bff8000] [id=19971]
  0x00007fbc3381d800 ConcurrentGCThread "G1 Refine#1" [stack: 0x000070000bdf5000,0x000070000bef5000] [id=12547]
  0x00007fbc3381c800 ConcurrentGCThread "G1 Refine#2" [stack: 0x000070000bcf2000,0x000070000bdf2000] [id=20739]
  0x00007fbc33817800 ConcurrentGCThread "G1 Refine#3" [stack: 0x000070000bbef000,0x000070000bcef000] [id=21251]
  0x00007fbc3381f000 ConcurrentGCThread "G1 Young RemSet Sampling" [stack: 0x000070000bffb000,0x000070000c0fb000] [id=12803]

Threads with active compile tasks:

VM state:not at safepoint (normal execution)

VM Mutex/Monitor currently owned by a thread: None

Heap address: 0x0000000740000000, size: 2048 MB, Compressed Oops mode: Zero based, Oop shift amount: 3
Narrow klass base: 0x0000000000000000, Narrow klass shift: 3
Compressed class space size: 1073741824 Address: 0x00000007c0000000

Heap:
 garbage-first heap   total 131072K, used 5120K [0x0000000740000000, 0x0000000740100400, 0x00000007c0000000)
  region size 1024K, 6 young (6144K), 0 survivors (0K)
 Metaspace       used 6282K, capacity 6438K, committed 6528K, reserved 1056768K
  class space    used 534K, capacity 570K, committed 640K, reserved 1048576K
Heap Regions: E=young(eden), S=young(survivor), O=old, HS=humongous(starts), HC=humongous(continues), CS=collection set, F=free, A=archive, TS=gc time stamp, AC=allocation context, TAMS=top-at-mark-start (previous, next)
|   0|0x0000000740000000, 0x0000000740000000, 0x0000000740100000|  0%| F|  |TS  0|AC  0|TAMS 0x0000000740000000, 0x0000000740000000|
|   1|0x0000000740100000, 0x0000000740100000, 0x0000000740200000|  0%| F|  |TS  0|AC  0|TAMS 0x0000000740100000, 0x0000000740100000|
|   2|0x0000000740200000, 0x0000000740200000, 0x0000000740300000|  0%| F|  |TS  0|AC  0|TAMS 0x0000000740200000, 0x0000000740200000|
|   3|0x0000000740300000, 0x0000000740300000, 0x0000000740400000|  0%| F|  |TS  0|AC  0|TAMS 0x0000000740300000, 0x0000000740300000|
|   4|0x0000000740400000, 0x0000000740400000, 0x0000000740500000|  0%| F|  |TS  0|AC  0|TAMS 0x0000000740400000, 0x0000000740400000|
|   5|0x0000000740500000, 0x0000000740500000, 0x0000000740600000|  0%| F|  |TS  0|AC  0|TAMS 0x0000000740500000, 0x0000000740500000|
|   6|0x0000000740600000, 0x0000000740600000, 0x0000000740700000|  0%| F|  |TS  0|AC  0|TAMS 0x0000000740600000, 0x0000000740600000|
|   7|0x0000000740700000, 0x0000000740700000, 0x0000000740800000|  0%| F|  |TS  0|AC  0|TAMS 0x0000000740700000, 0x0000000740700000|
|   8|0x0000000740800000, 0x0000000740800000, 0x0000000740900000|  0%| F|  |TS  0|AC  0|TAMS 0x0000000740800000, 0x0000000740800000|
|   9|0x0000000740900000, 0x0000000740900000, 0x0000000740a00000|  0%| F|  |TS  0|AC  0|TAMS 0x0000000740900000, 0x0000000740900000|
|  10|0x0000000740a00000, 0x0000000740a00000, 0x0000000740b00000|  0%| F|  |TS  0|AC  0|TAMS 0x0000000740a00000, 0x0000000740a00000|
|  11|0x0000000740b00000, 0x0000000740b00000, 0x0000000740c00000|  0%| F|  |TS  0|AC  0|TAMS 0x0000000740b00000, 0x0000000740b00000|
|  12|0x0000000740c00000, 0x0000000740c00000, 0x0000000740d00000|  0%| F|  |TS  0|AC  0|TAMS 0x0000000740c00000, 0x0000000740c00000|
|  13|0x0000000740d00000, 0x0000000740d00000, 0x0000000740e00000|  0%| F|  |TS  0|AC  0|TAMS 0x0000000740d00000, 0x0000000740d00000|
|  14|0x0000000740e00000, 0x0000000740e00000, 0x0000000740f00000|  0%| F|  |TS  0|AC  0|TAMS 0x0000000740e00000, 0x0000000740e00000|
|  15|0x0000000740f00000, 0x0000000740f00000, 0x0000000741000000|  0%| F|  |TS  0|AC  0|TAMS 0x0000000740f00000, 0x0000000740f00000|
|  16|0x0000000741000000, 0x0000000741000000, 0x0000000741100000|  0%| F|  |TS  0|AC  0|TAMS 0x0000000741000000, 0x0000000741000000|
|  17|0x0000000741100000, 0x0000000741100000, 0x0000000741200000|  0%| F|  |TS  0|AC  0|TAMS 0x0000000741100000, 0x0000000741100000|
|  18|0x0000000741200000, 0x0000000741200000, 0x0000000741300000|  0%| F|  |TS  0|AC  0|TAMS 0x0000000741200000, 0x0000000741200000|
|  19|0x0000000741300000, 0x0000000741300000, 0x0000000741400000|  0%| F|  |TS  0|AC  0|TAMS 0x0000000741300000, 0x0000000741300000|
|  20|0x0000000741400000, 0x0000000741400000, 0x0000000741500000|  0%| F|  |TS  0|AC  0|TAMS 0x0000000741400000, 0x0000000741400000|
|  21|0x0000000741500000, 0x0000000741500000, 0x0000000741600000|  0%| F|  |TS  0|AC  0|TAMS 0x0000000741500000, 0x0000000741500000|
|  22|0x0000000741600000, 0x0000000741600000, 0x0000000741700000|  0%| F|  |TS  0|AC  0|TAMS 0x0000000741600000, 0x0000000741600000|
|  23|0x0000000741700000, 0x0000000741700000, 0x0000000741800000|  0%| F|  |TS  0|AC  0|TAMS 0x0000000741700000, 0x0000000741700000|
|  24|0x0000000741800000, 0x0000000741800000, 0x0000000741900000|  0%| F|  |TS  0|AC  0|TAMS 0x0000000741800000, 0x0000000741800000|
|  25|0x0000000741900000, 0x0000000741900000, 0x0000000741a00000|  0%| F|  |TS  0|AC  0|TAMS 0x0000000741900000, 0x0000000741900000|
|  26|0x0000000741a00000, 0x0000000741a00000, 0x0000000741b00000|  0%| F|  |TS  0|AC  0|TAMS 0x0000000741a00000, 0x0000000741a00000|
|  27|0x0000000741b00000, 0x0000000741b00000, 0x0000000741c00000|  0%| F|  |TS  0|AC  0|TAMS 0x0000000741b00000, 0x0000000741b00000|
|  28|0x0000000741c00000, 0x0000000741c00000, 0x0000000741d00000|  0%| F|  |TS  0|AC  0|TAMS 0x0000000741c00000, 0x0000000741c00000|
|  29|0x0000000741d00000, 0x0000000741d00000, 0x0000000741e00000|  0%| F|  |TS  0|AC  0|TAMS 0x0000000741d00000, 0x0000000741d00000|
|  30|0x0000000741e00000, 0x0000000741e00000, 0x0000000741f00000|  0%| F|  |TS  0|AC  0|TAMS 0x0000000741e00000, 0x0000000741e00000|
|  31|0x0000000741f00000, 0x0000000741f00000, 0x0000000742000000|  0%| F|  |TS  0|AC  0|TAMS 0x0000000741f00000, 0x0000000741f00000|
|  32|0x0000000742000000, 0x0000000742000000, 0x0000000742100000|  0%| F|  |TS  0|AC  0|TAMS 0x0000000742000000, 0x0000000742000000|
|  33|0x0000000742100000, 0x0000000742100000, 0x0000000742200000|  0%| F|  |TS  0|AC  0|TAMS 0x0000000742100000, 0x0000000742100000|
|  34|0x0000000742200000, 0x0000000742200000, 0x0000000742300000|  0%| F|  |TS  0|AC  0|TAMS 0x0000000742200000, 0x0000000742200000|
|  35|0x0000000742300000, 0x0000000742300000, 0x0000000742400000|  0%| F|  |TS  0|AC  0|TAMS 0x0000000742300000, 0x0000000742300000|
|  36|0x0000000742400000, 0x0000000742400000, 0x0000000742500000|  0%| F|  |TS  0|AC  0|TAMS 0x0000000742400000, 0x0000000742400000|
|  37|0x0000000742500000, 0x0000000742500000, 0x0000000742600000|  0%| F|  |TS  0|AC  0|TAMS 0x0000000742500000, 0x0000000742500000|
|  38|0x0000000742600000, 0x0000000742600000, 0x0000000742700000|  0%| F|  |TS  0|AC  0|TAMS 0x0000000742600000, 0x0000000742600000|
|  39|0x0000000742700000, 0x0000000742700000, 0x0000000742800000|  0%| F|  |TS  0|AC  0|TAMS 0x0000000742700000, 0x0000000742700000|
|  40|0x0000000742800000, 0x0000000742800000, 0x0000000742900000|  0%| F|  |TS  0|AC  0|TAMS 0x0000000742800000, 0x0000000742800000|
|  41|0x0000000742900000, 0x0000000742900000, 0x0000000742a00000|  0%| F|  |TS  0|AC  0|TAMS 0x0000000742900000, 0x0000000742900000|
|  42|0x0000000742a00000, 0x0000000742a00000, 0x0000000742b00000|  0%| F|  |TS  0|AC  0|TAMS 0x0000000742a00000, 0x0000000742a00000|
|  43|0x0000000742b00000, 0x0000000742b00000, 0x0000000742c00000|  0%| F|  |TS  0|AC  0|TAMS 0x0000000742b00000, 0x0000000742b00000|
|  44|0x0000000742c00000, 0x0000000742c00000, 0x0000000742d00000|  0%| F|  |TS  0|AC  0|TAMS 0x0000000742c00000, 0x0000000742c00000|
|  45|0x0000000742d00000, 0x0000000742d00000, 0x0000000742e00000|  0%| F|  |TS  0|AC  0|TAMS 0x0000000742d00000, 0x0000000742d00000|
|  46|0x0000000742e00000, 0x0000000742e00000, 0x0000000742f00000|  0%| F|  |TS  0|AC  0|TAMS 0x0000000742e00000, 0x0000000742e00000|
|  47|0x0000000742f00000, 0x0000000742f00000, 0x0000000743000000|  0%| F|  |TS  0|AC  0|TAMS 0x0000000742f00000, 0x0000000742f00000|
|  48|0x0000000743000000, 0x0000000743000000, 0x0000000743100000|  0%| F|  |TS  0|AC  0|TAMS 0x0000000743000000, 0x0000000743000000|
|  49|0x0000000743100000, 0x0000000743100000, 0x0000000743200000|  0%| F|  |TS  0|AC  0|TAMS 0x0000000743100000, 0x0000000743100000|
|  50|0x0000000743200000, 0x0000000743200000, 0x0000000743300000|  0%| F|  |TS  0|AC  0|TAMS 0x0000000743200000, 0x0000000743200000|
|  51|0x0000000743300000, 0x0000000743300000, 0x0000000743400000|  0%| F|  |TS  0|AC  0|TAMS 0x0000000743300000, 0x0000000743300000|
|  52|0x0000000743400000, 0x0000000743400000, 0x0000000743500000|  0%| F|  |TS  0|AC  0|TAMS 0x0000000743400000, 0x0000000743400000|
|  53|0x0000000743500000, 0x0000000743500000, 0x0000000743600000|  0%| F|  |TS  0|AC  0|TAMS 0x0000000743500000, 0x0000000743500000|
|  54|0x0000000743600000, 0x0000000743600000, 0x0000000743700000|  0%| F|  |TS  0|AC  0|TAMS 0x0000000743600000, 0x0000000743600000|
|  55|0x0000000743700000, 0x0000000743700000, 0x0000000743800000|  0%| F|  |TS  0|AC  0|TAMS 0x0000000743700000, 0x0000000743700000|
|  56|0x0000000743800000, 0x0000000743800000, 0x0000000743900000|  0%| F|  |TS  0|AC  0|TAMS 0x0000000743800000, 0x0000000743800000|
|  57|0x0000000743900000, 0x0000000743900000, 0x0000000743a00000|  0%| F|  |TS  0|AC  0|TAMS 0x0000000743900000, 0x0000000743900000|
|  58|0x0000000743a00000, 0x0000000743a00000, 0x0000000743b00000|  0%| F|  |TS  0|AC  0|TAMS 0x0000000743a00000, 0x0000000743a00000|
|  59|0x0000000743b00000, 0x0000000743b00000, 0x0000000743c00000|  0%| F|  |TS  0|AC  0|TAMS 0x0000000743b00000, 0x0000000743b00000|
|  60|0x0000000743c00000, 0x0000000743c00000, 0x0000000743d00000|  0%| F|  |TS  0|AC  0|TAMS 0x0000000743c00000, 0x0000000743c00000|
|  61|0x0000000743d00000, 0x0000000743d00000, 0x0000000743e00000|  0%| F|  |TS  0|AC  0|TAMS 0x0000000743d00000, 0x0000000743d00000|
|  62|0x0000000743e00000, 0x0000000743e00000, 0x0000000743f00000|  0%| F|  |TS  0|AC  0|TAMS 0x0000000743e00000, 0x0000000743e00000|
|  63|0x0000000743f00000, 0x0000000743f00000, 0x0000000744000000|  0%| F|  |TS  0|AC  0|TAMS 0x0000000743f00000, 0x0000000743f00000|
|  64|0x0000000744000000, 0x0000000744000000, 0x0000000744100000|  0%| F|  |TS  0|AC  0|TAMS 0x0000000744000000, 0x0000000744000000|
|  65|0x0000000744100000, 0x0000000744100000, 0x0000000744200000|  0%| F|  |TS  0|AC  0|TAMS 0x0000000744100000, 0x0000000744100000|
|  66|0x0000000744200000, 0x0000000744200000, 0x0000000744300000|  0%| F|  |TS  0|AC  0|TAMS 0x0000000744200000, 0x0000000744200000|
|  67|0x0000000744300000, 0x0000000744300000, 0x0000000744400000|  0%| F|  |TS  0|AC  0|TAMS 0x0000000744300000, 0x0000000744300000|
|  68|0x0000000744400000, 0x0000000744400000, 0x0000000744500000|  0%| F|  |TS  0|AC  0|TAMS 0x0000000744400000, 0x0000000744400000|
|  69|0x0000000744500000, 0x0000000744500000, 0x0000000744600000|  0%| F|  |TS  0|AC  0|TAMS 0x0000000744500000, 0x0000000744500000|
|  70|0x0000000744600000, 0x0000000744600000, 0x0000000744700000|  0%| F|  |TS  0|AC  0|TAMS 0x0000000744600000, 0x0000000744600000|
|  71|0x0000000744700000, 0x0000000744700000, 0x0000000744800000|  0%| F|  |TS  0|AC  0|TAMS 0x0000000744700000, 0x0000000744700000|
|  72|0x0000000744800000, 0x0000000744800000, 0x0000000744900000|  0%| F|  |TS  0|AC  0|TAMS 0x0000000744800000, 0x0000000744800000|
|  73|0x0000000744900000, 0x0000000744900000, 0x0000000744a00000|  0%| F|  |TS  0|AC  0|TAMS 0x0000000744900000, 0x0000000744900000|
|  74|0x0000000744a00000, 0x0000000744a00000, 0x0000000744b00000|  0%| F|  |TS  0|AC  0|TAMS 0x0000000744a00000, 0x0000000744a00000|
|  75|0x0000000744b00000, 0x0000000744b00000, 0x0000000744c00000|  0%| F|  |TS  0|AC  0|TAMS 0x0000000744b00000, 0x0000000744b00000|
|  76|0x0000000744c00000, 0x0000000744c00000, 0x0000000744d00000|  0%| F|  |TS  0|AC  0|TAMS 0x0000000744c00000, 0x0000000744c00000|
|  77|0x0000000744d00000, 0x0000000744d00000, 0x0000000744e00000|  0%| F|  |TS  0|AC  0|TAMS 0x0000000744d00000, 0x0000000744d00000|
|  78|0x0000000744e00000, 0x0000000744e00000, 0x0000000744f00000|  0%| F|  |TS  0|AC  0|TAMS 0x0000000744e00000, 0x0000000744e00000|
|  79|0x0000000744f00000, 0x0000000744f00000, 0x0000000745000000|  0%| F|  |TS  0|AC  0|TAMS 0x0000000744f00000, 0x0000000744f00000|
|  80|0x0000000745000000, 0x0000000745000000, 0x0000000745100000|  0%| F|  |TS  0|AC  0|TAMS 0x0000000745000000, 0x0000000745000000|
|  81|0x0000000745100000, 0x0000000745100000, 0x0000000745200000|  0%| F|  |TS  0|AC  0|TAMS 0x0000000745100000, 0x0000000745100000|
|  82|0x0000000745200000, 0x0000000745200000, 0x0000000745300000|  0%| F|  |TS  0|AC  0|TAMS 0x0000000745200000, 0x0000000745200000|
|  83|0x0000000745300000, 0x0000000745300000, 0x0000000745400000|  0%| F|  |TS  0|AC  0|TAMS 0x0000000745300000, 0x0000000745300000|
|  84|0x0000000745400000, 0x0000000745400000, 0x0000000745500000|  0%| F|  |TS  0|AC  0|TAMS 0x0000000745400000, 0x0000000745400000|
|  85|0x0000000745500000, 0x0000000745500000, 0x0000000745600000|  0%| F|  |TS  0|AC  0|TAMS 0x0000000745500000, 0x0000000745500000|
|  86|0x0000000745600000, 0x0000000745600000, 0x0000000745700000|  0%| F|  |TS  0|AC  0|TAMS 0x0000000745600000, 0x0000000745600000|
|  87|0x0000000745700000, 0x0000000745700000, 0x0000000745800000|  0%| F|  |TS  0|AC  0|TAMS 0x0000000745700000, 0x0000000745700000|
|  88|0x0000000745800000, 0x0000000745800000, 0x0000000745900000|  0%| F|  |TS  0|AC  0|TAMS 0x0000000745800000, 0x0000000745800000|
|  89|0x0000000745900000, 0x0000000745900000, 0x0000000745a00000|  0%| F|  |TS  0|AC  0|TAMS 0x0000000745900000, 0x0000000745900000|
|  90|0x0000000745a00000, 0x0000000745a00000, 0x0000000745b00000|  0%| F|  |TS  0|AC  0|TAMS 0x0000000745a00000, 0x0000000745a00000|
|  91|0x0000000745b00000, 0x0000000745b00000, 0x0000000745c00000|  0%| F|  |TS  0|AC  0|TAMS 0x0000000745b00000, 0x0000000745b00000|
|  92|0x0000000745c00000, 0x0000000745c00000, 0x0000000745d00000|  0%| F|  |TS  0|AC  0|TAMS 0x0000000745c00000, 0x0000000745c00000|
|  93|0x0000000745d00000, 0x0000000745d00000, 0x0000000745e00000|  0%| F|  |TS  0|AC  0|TAMS 0x0000000745d00000, 0x0000000745d00000|
|  94|0x0000000745e00000, 0x0000000745e00000, 0x0000000745f00000|  0%| F|  |TS  0|AC  0|TAMS 0x0000000745e00000, 0x0000000745e00000|
|  95|0x0000000745f00000, 0x0000000745f00000, 0x0000000746000000|  0%| F|  |TS  0|AC  0|TAMS 0x0000000745f00000, 0x0000000745f00000|
|  96|0x0000000746000000, 0x0000000746000000, 0x0000000746100000|  0%| F|  |TS  0|AC  0|TAMS 0x0000000746000000, 0x0000000746000000|
|  97|0x0000000746100000, 0x0000000746100000, 0x0000000746200000|  0%| F|  |TS  0|AC  0|TAMS 0x0000000746100000, 0x0000000746100000|
|  98|0x0000000746200000, 0x0000000746200000, 0x0000000746300000|  0%| F|  |TS  0|AC  0|TAMS 0x0000000746200000, 0x0000000746200000|
|  99|0x0000000746300000, 0x0000000746300000, 0x0000000746400000|  0%| F|  |TS  0|AC  0|TAMS 0x0000000746300000, 0x0000000746300000|
| 100|0x0000000746400000, 0x0000000746400000, 0x0000000746500000|  0%| F|  |TS  0|AC  0|TAMS 0x0000000746400000, 0x0000000746400000|
| 101|0x0000000746500000, 0x0000000746500000, 0x0000000746600000|  0%| F|  |TS  0|AC  0|TAMS 0x0000000746500000, 0x0000000746500000|
| 102|0x0000000746600000, 0x0000000746600000, 0x0000000746700000|  0%| F|  |TS  0|AC  0|TAMS 0x0000000746600000, 0x0000000746600000|
| 103|0x0000000746700000, 0x0000000746700000, 0x0000000746800000|  0%| F|  |TS  0|AC  0|TAMS 0x0000000746700000, 0x0000000746700000|
| 104|0x0000000746800000, 0x0000000746800000, 0x0000000746900000|  0%| F|  |TS  0|AC  0|TAMS 0x0000000746800000, 0x0000000746800000|
| 105|0x0000000746900000, 0x0000000746900000, 0x0000000746a00000|  0%| F|  |TS  0|AC  0|TAMS 0x0000000746900000, 0x0000000746900000|
| 106|0x0000000746a00000, 0x0000000746a00000, 0x0000000746b00000|  0%| F|  |TS  0|AC  0|TAMS 0x0000000746a00000, 0x0000000746a00000|
| 107|0x0000000746b00000, 0x0000000746b00000, 0x0000000746c00000|  0%| F|  |TS  0|AC  0|TAMS 0x0000000746b00000, 0x0000000746b00000|
| 108|0x0000000746c00000, 0x0000000746c00000, 0x0000000746d00000|  0%| F|  |TS  0|AC  0|TAMS 0x0000000746c00000, 0x0000000746c00000|
| 109|0x0000000746d00000, 0x0000000746d00000, 0x0000000746e00000|  0%| F|  |TS  0|AC  0|TAMS 0x0000000746d00000, 0x0000000746d00000|
| 110|0x0000000746e00000, 0x0000000746e00000, 0x0000000746f00000|  0%| F|  |TS  0|AC  0|TAMS 0x0000000746e00000, 0x0000000746e00000|
| 111|0x0000000746f00000, 0x0000000746f00000, 0x0000000747000000|  0%| F|  |TS  0|AC  0|TAMS 0x0000000746f00000, 0x0000000746f00000|
| 112|0x0000000747000000, 0x0000000747000000, 0x0000000747100000|  0%| F|  |TS  0|AC  0|TAMS 0x0000000747000000, 0x0000000747000000|
| 113|0x0000000747100000, 0x0000000747100000, 0x0000000747200000|  0%| F|  |TS  0|AC  0|TAMS 0x0000000747100000, 0x0000000747100000|
| 114|0x0000000747200000, 0x0000000747200000, 0x0000000747300000|  0%| F|  |TS  0|AC  0|TAMS 0x0000000747200000, 0x0000000747200000|
| 115|0x0000000747300000, 0x0000000747300000, 0x0000000747400000|  0%| F|  |TS  0|AC  0|TAMS 0x0000000747300000, 0x0000000747300000|
| 116|0x0000000747400000, 0x0000000747400000, 0x0000000747500000|  0%| F|  |TS  0|AC  0|TAMS 0x0000000747400000, 0x0000000747400000|
| 117|0x0000000747500000, 0x0000000747500000, 0x0000000747600000|  0%| F|  |TS  0|AC  0|TAMS 0x0000000747500000, 0x0000000747500000|
| 118|0x0000000747600000, 0x0000000747600000, 0x0000000747700000|  0%| F|  |TS  0|AC  0|TAMS 0x0000000747600000, 0x0000000747600000|
| 119|0x0000000747700000, 0x0000000747700000, 0x0000000747800000|  0%| F|  |TS  0|AC  0|TAMS 0x0000000747700000, 0x0000000747700000|
| 120|0x0000000747800000, 0x0000000747800000, 0x0000000747900000|  0%| F|  |TS  0|AC  0|TAMS 0x0000000747800000, 0x0000000747800000|
| 121|0x0000000747900000, 0x0000000747900000, 0x0000000747a00000|  0%| F|  |TS  0|AC  0|TAMS 0x0000000747900000, 0x0000000747900000|
| 122|0x0000000747a00000, 0x0000000747aa8578, 0x0000000747b00000| 65%| E|  |TS  0|AC  0|TAMS 0x0000000747a00000, 0x0000000747a00000|
| 123|0x0000000747b00000, 0x0000000747c00000, 0x0000000747c00000|100%| E|CS|TS  0|AC  0|TAMS 0x0000000747b00000, 0x0000000747b00000|
| 124|0x0000000747c00000, 0x0000000747d00000, 0x0000000747d00000|100%| E|CS|TS  0|AC  0|TAMS 0x0000000747c00000, 0x0000000747c00000|
| 125|0x0000000747d00000, 0x0000000747e00000, 0x0000000747e00000|100%| E|CS|TS  0|AC  0|TAMS 0x0000000747d00000, 0x0000000747d00000|
| 126|0x0000000747e00000, 0x0000000747f00000, 0x0000000747f00000|100%| E|CS|TS  0|AC  0|TAMS 0x0000000747e00000, 0x0000000747e00000|
| 127|0x0000000747f00000, 0x0000000748000000, 0x0000000748000000|100%| E|CS|TS  0|AC  0|TAMS 0x0000000747f00000, 0x0000000747f00000|

Card table byte_map: [0x0000000102a79000,0x0000000102e79000] byte_map_base: 0x00000000ff079000

Marking Bits (Prev, Next): (CMBitMap*) 0x00007fbc3500e070, (CMBitMap*) 0x00007fbc3500e0a8
 Prev Bits: [0x0000000103279000, 0x0000000105279000)
 Next Bits: [0x0000000105279000, 0x0000000107279000)

Polling page: 0x0000000100754000

CodeHeap 'non-profiled nmethods': size=120032Kb used=99Kb max_used=99Kb free=119932Kb
 bounds [0x000000011daab000, 0x000000011dd1b000, 0x0000000124fe3000]
CodeHeap 'profiled nmethods': size=120032Kb used=481Kb max_used=481Kb free=119550Kb
 bounds [0x0000000116573000, 0x00000001167e3000, 0x000000011daab000]
CodeHeap 'non-nmethods': size=5696Kb used=1175Kb max_used=1187Kb free=4520Kb
 bounds [0x0000000115fe3000, 0x0000000116253000, 0x0000000116573000]
 total_blobs=775 nmethods=343 adapters=234
 compilation: enabled

Compilation events (10 events):
Event: 0.246 Thread 0x00007fbc338f3800 nmethod 339 0x00000001165ea310 code [0x00000001165ea4e0, 0x00000001165ea858]
Event: 0.246 Thread 0x00007fbc35014000  340       4       sun.nio.cs.UTF_8$Encoder::encode (359 bytes)
Event: 0.247 Thread 0x00007fbc338e6000 nmethod 336 0x000000011dac2f10 code [0x000000011dac30a0, 0x000000011dac32d8]
Event: 0.249 Thread 0x00007fbc35014000 nmethod 340 0x000000011dac3390 code [0x000000011dac3520, 0x000000011dac3798]
Event: 0.249 Thread 0x00007fbc35014000  341       4       java.util.zip.ZipUtils::LG (22 bytes)
Event: 0.250 Thread 0x00007fbc338f3800  342       3       java.lang.CharacterDataLatin1::toUpperCase (53 bytes)
Event: 0.250 Thread 0x00007fbc35014000 nmethod 341 0x000000011dac3910 code [0x000000011dac3aa0, 0x000000011dac3b78]
Event: 0.250 Thread 0x00007fbc338f3800 nmethod 342 0x00000001165ea990 code [0x00000001165eab60, 0x00000001165eae30]
Event: 0.251 Thread 0x00007fbc338f3800  343       3       java.util.zip.Inflater::ensureOpen (47 bytes)
Event: 0.251 Thread 0x00007fbc338f3800 nmethod 343 0x00000001165eaf90 code [0x00000001165eb160, 0x00000001165eb408]

GC Heap History (0 events):
No events

Deoptimization events (2 events):
Event: 0.129 Thread 0x00007fbc3380e000 Uncommon trap: reason=unstable_if action=reinterpret pc=0x000000011dab019c method=java.lang.StringLatin1.indexOf([BII)I @ 23 c2
Event: 0.139 Thread 0x00007fbc3380e000 Uncommon trap: reason=range_check action=reinterpret pc=0x000000011daaecd0 method=java.lang.StringLatin1.indexOf([BII)I @ 13 c2

Classes redefined (0 events):
No events

Internal exceptions (0 events):
No events

Events (10 events):
Event: 0.249 loading class javax/servlet/ServletResponse
Event: 0.249 loading class javax/servlet/ServletResponse done
Event: 0.249 loading class org/apache/catalina/Wrapper
Event: 0.249 loading class org/apache/catalina/Wrapper done
Event: 0.250 loading class java/lang/PublicMethods$Key
Event: 0.250 loading class java/lang/PublicMethods$Key done
Event: 0.250 loading class org/apache/catalina/startup/Tomcat
Event: 0.250 loading class org/apache/catalina/startup/Tomcat done
Event: 0.252 loading class java/lang/Class$EnclosingMethodInfo
Event: 0.252 loading class java/lang/Class$EnclosingMethodInfo done


Dynamic libraries:
0x00007fff2dd8c000 	/System/Library/Frameworks/Cocoa.framework/Versions/A/Cocoa
0x00007fff3a3a6000 	/System/Library/Frameworks/Security.framework/Versions/A/Security
0x00007fff2c9ce000 	/System/Library/Frameworks/ApplicationServices.framework/Versions/A/ApplicationServices
0x00007fff561f3000 	/usr/lib/libz.1.dylib
0x00007fff54124000 	/usr/lib/libSystem.B.dylib
0x00007fff2e53f000 	/System/Library/Frameworks/CoreFoundation.framework/Versions/A/CoreFoundation
0x00007fff306a0000 	/System/Library/Frameworks/Foundation.framework/Versions/C/Foundation
0x00007fff557dd000 	/usr/lib/libobjc.A.dylib
0x00007fff2bb1e000 	/System/Library/Frameworks/AppKit.framework/Versions/C/AppKit
0x00007fff2e104000 	/System/Library/Frameworks/CoreData.framework/Versions/A/CoreData
0x00007fff4da64000 	/System/Library/PrivateFrameworks/RemoteViewServices.framework/Versions/A/RemoteViewServices
0x00007fff521c9000 	/System/Library/PrivateFrameworks/UIFoundation.framework/Versions/A/UIFoundation
0x00007fff4286e000 	/System/Library/PrivateFrameworks/DFRFoundation.framework/Versions/A/DFRFoundation
0x00007fff32d0c000 	/System/Library/Frameworks/Metal.framework/Versions/A/Metal
0x00007fff42a0b000 	/System/Library/PrivateFrameworks/DesktopServicesPriv.framework/Versions/A/DesktopServicesPriv
0x00007fff54d2a000 	/usr/lib/libenergytrace.dylib
0x00007fff50234000 	/System/Library/PrivateFrameworks/SkyLight.framework/Versions/A/SkyLight
0x00007fff2e9e2000 	/System/Library/Frameworks/CoreGraphics.framework/Versions/A/CoreGraphics
0x00007fff5411f000 	/usr/lib/libScreenReader.dylib
0x00007fff2aab8000 	/System/Library/Frameworks/Accelerate.framework/Versions/A/Accelerate
0x00007fff30e1a000 	/System/Library/Frameworks/IOSurface.framework/Versions/A/IOSurface
0x00007fff2cf18000 	/System/Library/Frameworks/AudioToolbox.framework/Versions/A/AudioToolbox
0x00007fff2d1a8000 	/System/Library/Frameworks/AudioUnit.framework/Versions/A/AudioUnit
0x00007fff42906000 	/System/Library/PrivateFrameworks/DataDetectorsCore.framework/Versions/A/DataDetectorsCore
0x00007fff2d87f000 	/System/Library/Frameworks/Carbon.framework/Versions/A/Frameworks/HIToolbox.framework/Versions/A/HIToolbox
0x00007fff54e84000 	/usr/lib/libicucore.A.dylib
0x00007fff39924000 	/System/Library/Frameworks/QuartzCore.framework/Versions/A/QuartzCore
0x00007fff4f4eb000 	/System/Library/PrivateFrameworks/SignpostNotification.framework/Versions/A/SignpostNotification
0x00007fff2dc65000 	/System/Library/Frameworks/Carbon.framework/Versions/A/Frameworks/SpeechRecognition.framework/Versions/A/SpeechRecognition
0x00007fff54280000 	/usr/lib/libauto.dylib
0x00007fff560e2000 	/usr/lib/libxml2.2.dylib
0x00007fff424bf000 	/System/Library/PrivateFrameworks/CoreUI.framework/Versions/A/CoreUI
0x00007fff2dfe0000 	/System/Library/Frameworks/CoreAudio.framework/Versions/A/CoreAudio
0x00007fff304da000 	/System/Library/Frameworks/DiskArbitration.framework/Versions/A/DiskArbitration
0x00007fff550f8000 	/usr/lib/liblangid.dylib
0x00007fff49f6a000 	/System/Library/PrivateFrameworks/MultitouchSupport.framework/Versions/A/MultitouchSupport
0x00007fff30d7d000 	/System/Library/Frameworks/IOKit.framework/Versions/A/IOKit
0x00007fff53dae000 	/usr/lib/libDiagnosticMessagesClient.dylib
0x00007fff2f6b8000 	/System/Library/Frameworks/CoreServices.framework/Versions/A/CoreServices
0x00007fff4ba9c000 	/System/Library/PrivateFrameworks/PerformanceAnalysis.framework/Versions/A/PerformanceAnalysis
0x00007fff38ac6000 	/System/Library/Frameworks/OpenGL.framework/Versions/A/OpenGL
0x00007fff2dd9a000 	/System/Library/Frameworks/ColorSync.framework/Versions/A/ColorSync
0x00007fff2eff4000 	/System/Library/Frameworks/CoreImage.framework/Versions/A/CoreImage
0x00007fff30048000 	/System/Library/Frameworks/CoreText.framework/Versions/A/CoreText
0x00007fff30e78000 	/System/Library/Frameworks/ImageIO.framework/Versions/A/ImageIO
0x00007fff3f1b6000 	/System/Library/PrivateFrameworks/Backup.framework/Versions/A/Backup
0x00007fff541d0000 	/usr/lib/libarchive.2.dylib
0x00007fff2d4cb000 	/System/Library/Frameworks/CFNetwork.framework/Versions/A/CFNetwork
0x00007fff3ab39000 	/System/Library/Frameworks/SystemConfiguration.framework/Versions/A/SystemConfiguration
0x00007fff53cd7000 	/usr/lib/libCRFSuite.dylib
0x00007fff54359000 	/usr/lib/libc++.1.dylib
0x00007fff543b0000 	/usr/lib/libc++abi.dylib
0x00007fff562a1000 	/usr/lib/system/libcache.dylib
0x00007fff562a6000 	/usr/lib/system/libcommonCrypto.dylib
0x00007fff562b1000 	/usr/lib/system/libcompiler_rt.dylib
0x00007fff562b9000 	/usr/lib/system/libcopyfile.dylib
0x00007fff562c3000 	/usr/lib/system/libcorecrypto.dylib
0x00007fff563d0000 	/usr/lib/system/libdispatch.dylib
0x00007fff5640a000 	/usr/lib/system/libdyld.dylib
0x00007fff56428000 	/usr/lib/system/libkeymgr.dylib
0x00007fff56436000 	/usr/lib/system/liblaunch.dylib
0x00007fff56437000 	/usr/lib/system/libmacho.dylib
0x00007fff5643c000 	/usr/lib/system/libquarantine.dylib
0x00007fff5643f000 	/usr/lib/system/libremovefile.dylib
0x00007fff56441000 	/usr/lib/system/libsystem_asl.dylib
0x00007fff56459000 	/usr/lib/system/libsystem_blocks.dylib
0x00007fff5645a000 	/usr/lib/system/libsystem_c.dylib
0x00007fff564e4000 	/usr/lib/system/libsystem_configuration.dylib
0x00007fff564e8000 	/usr/lib/system/libsystem_coreservices.dylib
0x00007fff564ec000 	/usr/lib/system/libsystem_darwin.dylib
0x00007fff564ee000 	/usr/lib/system/libsystem_dnssd.dylib
0x00007fff564f5000 	/usr/lib/system/libsystem_info.dylib
0x00007fff56566000 	/usr/lib/system/libsystem_m.dylib
0x00007fff565b2000 	/usr/lib/system/libsystem_malloc.dylib
0x00007fff565d2000 	/usr/lib/system/libsystem_network.dylib
0x00007fff56703000 	/usr/lib/system/libsystem_networkextension.dylib
0x00007fff5670e000 	/usr/lib/system/libsystem_notify.dylib
0x00007fff5672c000 	/usr/lib/system/libsystem_sandbox.dylib
0x00007fff56730000 	/usr/lib/system/libsystem_secinit.dylib
0x00007fff5653f000 	/usr/lib/system/libsystem_kernel.dylib
0x00007fff56718000 	/usr/lib/system/libsystem_platform.dylib
0x00007fff56720000 	/usr/lib/system/libsystem_pthread.dylib
0x00007fff56732000 	/usr/lib/system/libsystem_symptoms.dylib
0x00007fff5673a000 	/usr/lib/system/libsystem_trace.dylib
0x00007fff5674f000 	/usr/lib/system/libunwind.dylib
0x00007fff56755000 	/usr/lib/system/libxpc.dylib
0x00007fff53bea000 	/usr/lib/closure/libclosured.dylib
0x00007fff5433a000 	/usr/lib/libbsm.0.dylib
0x00007fff56429000 	/usr/lib/system/libkxld.dylib
0x00007fff53fe8000 	/usr/lib/libOpenScriptingUtil.dylib
0x00007fff546a9000 	/usr/lib/libcoretls.dylib
0x00007fff546c2000 	/usr/lib/libcoretls_cfhelpers.dylib
0x00007fff55bde000 	/usr/lib/libpam.2.dylib
0x00007fff55d05000 	/usr/lib/libsqlite3.dylib
0x00007fff560d1000 	/usr/lib/libxar.1.dylib
0x00007fff5434b000 	/usr/lib/libbz2.1.0.dylib
0x00007fff550fa000 	/usr/lib/liblzma.5.dylib
0x00007fff555db000 	/usr/lib/libnetwork.dylib
0x00007fff541b9000 	/usr/lib/libapple_nghttp2.dylib
0x00007fff55be5000 	/usr/lib/libpcap.A.dylib
0x00007fff54281000 	/usr/lib/libboringssl.dylib
0x00007fff5606c000 	/usr/lib/libusrtcp.dylib
0x00007fff541b8000 	/usr/lib/libapple_crypto.dylib
0x00007fff2fa3b000 	/System/Library/Frameworks/CoreServices.framework/Versions/A/Frameworks/FSEvents.framework/Versions/A/FSEvents
0x00007fff2f72e000 	/System/Library/Frameworks/CoreServices.framework/Versions/A/Frameworks/CarbonCore.framework/Versions/A/CarbonCore
0x00007fff2fc02000 	/System/Library/Frameworks/CoreServices.framework/Versions/A/Frameworks/Metadata.framework/Versions/A/Metadata
0x00007fff2fcb3000 	/System/Library/Frameworks/CoreServices.framework/Versions/A/Frameworks/OSServices.framework/Versions/A/OSServices
0x00007fff2fd14000 	/System/Library/Frameworks/CoreServices.framework/Versions/A/Frameworks/SearchKit.framework/Versions/A/SearchKit
0x00007fff2f6b9000 	/System/Library/Frameworks/CoreServices.framework/Versions/A/Frameworks/AE.framework/Versions/A/AE
0x00007fff2fa44000 	/System/Library/Frameworks/CoreServices.framework/Versions/A/Frameworks/LaunchServices.framework/Versions/A/LaunchServices
0x00007fff2fa06000 	/System/Library/Frameworks/CoreServices.framework/Versions/A/Frameworks/DictionaryServices.framework/Versions/A/DictionaryServices
0x00007fff2fd83000 	/System/Library/Frameworks/CoreServices.framework/Versions/A/Frameworks/SharedFileList.framework/Versions/A/SharedFileList
0x00007fff33f42000 	/System/Library/Frameworks/NetFS.framework/Versions/A/NetFS
0x00007fff4a1fb000 	/System/Library/PrivateFrameworks/NetAuth.framework/Versions/A/NetAuth
0x00007fff53a81000 	/System/Library/PrivateFrameworks/login.framework/Versions/A/Frameworks/loginsupport.framework/Versions/A/loginsupport
0x00007fff51e46000 	/System/Library/PrivateFrameworks/TCC.framework/Versions/A/TCC
0x00007fff551db000 	/usr/lib/libmecabra.dylib
0x00007fff2c9cf000 	/System/Library/Frameworks/ApplicationServices.framework/Versions/A/Frameworks/ATS.framework/Versions/A/ATS
0x00007fff2cd7d000 	/System/Library/Frameworks/ApplicationServices.framework/Versions/A/Frameworks/ColorSyncLegacy.framework/Versions/A/ColorSyncLegacy
0x00007fff2ce21000 	/System/Library/Frameworks/ApplicationServices.framework/Versions/A/Frameworks/HIServices.framework/Versions/A/HIServices
0x00007fff2ce74000 	/System/Library/Frameworks/ApplicationServices.framework/Versions/A/Frameworks/LangAnalysis.framework/Versions/A/LangAnalysis
0x00007fff2ce83000 	/System/Library/Frameworks/ApplicationServices.framework/Versions/A/Frameworks/PrintCore.framework/Versions/A/PrintCore
0x00007fff2ced0000 	/System/Library/Frameworks/ApplicationServices.framework/Versions/A/Frameworks/QD.framework/Versions/A/QD
0x00007fff2cf0b000 	/System/Library/Frameworks/ApplicationServices.framework/Versions/A/Frameworks/SpeechSynthesis.framework/Versions/A/SpeechSynthesis
0x00007fff2e45b000 	/System/Library/Frameworks/CoreDisplay.framework/Versions/A/CoreDisplay
0x00007fff2aad0000 	/System/Library/Frameworks/Accelerate.framework/Versions/A/Frameworks/vImage.framework/Versions/A/vImage
0x00007fff2b82a000 	/System/Library/Frameworks/Accelerate.framework/Versions/A/Frameworks/vecLib.framework/Versions/A/vecLib
0x00007fff2b5ca000 	/System/Library/Frameworks/Accelerate.framework/Versions/A/Frameworks/vecLib.framework/Versions/A/libvDSP.dylib
0x00007fff2b12a000 	/System/Library/Frameworks/Accelerate.framework/Versions/A/Frameworks/vecLib.framework/Versions/A/libBNNS.dylib
0x00007fff2b52f000 	/System/Library/Frameworks/Accelerate.framework/Versions/A/Frameworks/vecLib.framework/Versions/A/libQuadrature.dylib
0x00007fff2b778000 	/System/Library/Frameworks/Accelerate.framework/Versions/A/Frameworks/vecLib.framework/Versions/A/libvMisc.dylib
0x00007fff2b159000 	/System/Library/Frameworks/Accelerate.framework/Versions/A/Frameworks/vecLib.framework/Versions/A/libLAPACK.dylib
0x00007fff2afcf000 	/System/Library/Frameworks/Accelerate.framework/Versions/A/Frameworks/vecLib.framework/Versions/A/libBLAS.dylib
0x00007fff2b519000 	/System/Library/Frameworks/Accelerate.framework/Versions/A/Frameworks/vecLib.framework/Versions/A/libLinearAlgebra.dylib
0x00007fff2b535000 	/System/Library/Frameworks/Accelerate.framework/Versions/A/Frameworks/vecLib.framework/Versions/A/libSparse.dylib
0x00007fff2b5b6000 	/System/Library/Frameworks/Accelerate.framework/Versions/A/Frameworks/vecLib.framework/Versions/A/libSparseBLAS.dylib
0x00007fff4704a000 	/System/Library/PrivateFrameworks/GPUWrangler.framework/Versions/A/GPUWrangler
0x00007fff487db000 	/System/Library/PrivateFrameworks/IOAccelerator.framework/Versions/A/IOAccelerator
0x00007fff487e6000 	/System/Library/PrivateFrameworks/IOPresentment.framework/Versions/A/IOPresentment
0x00007fff42880000 	/System/Library/PrivateFrameworks/DSExternalDisplay.framework/Versions/A/DSExternalDisplay
0x00007fff37f45000 	/System/Library/Frameworks/OpenGL.framework/Versions/A/Libraries/libCoreFSCache.dylib
0x00007fff30199000 	/System/Library/Frameworks/CoreVideo.framework/Versions/A/CoreVideo
0x00007fff47dc5000 	/System/Library/PrivateFrameworks/GraphVisualizer.framework/Versions/A/GraphVisualizer
0x00007fff32f43000 	/System/Library/Frameworks/MetalPerformanceShaders.framework/Versions/A/MetalPerformanceShaders
0x00007fff53de6000 	/usr/lib/libFosl_dynamic.dylib
0x00007fff43954000 	/System/Library/PrivateFrameworks/FaceCore.framework/Versions/A/FaceCore
0x00007fff36d40000 	/System/Library/Frameworks/OpenCL.framework/Versions/A/OpenCL
0x00007fff543e7000 	/usr/lib/libcompression.dylib
0x00007fff2cace000 	/System/Library/Frameworks/ApplicationServices.framework/Versions/A/Frameworks/ATS.framework/Versions/A/Resources/libFontParser.dylib
0x00007fff2cbf1000 	/System/Library/Frameworks/ApplicationServices.framework/Versions/A/Frameworks/ATS.framework/Versions/A/Resources/libFontRegistry.dylib
0x00007fff310e0000 	/System/Library/Frameworks/ImageIO.framework/Versions/A/Resources/libJPEG.dylib
0x00007fff31409000 	/System/Library/Frameworks/ImageIO.framework/Versions/A/Resources/libTIFF.dylib
0x00007fff313df000 	/System/Library/Frameworks/ImageIO.framework/Versions/A/Resources/libPng.dylib
0x00007fff30ff3000 	/System/Library/Frameworks/ImageIO.framework/Versions/A/Resources/libGIF.dylib
0x00007fff30ff8000 	/System/Library/Frameworks/ImageIO.framework/Versions/A/Resources/libJP2.dylib
0x00007fff31406000 	/System/Library/Frameworks/ImageIO.framework/Versions/A/Resources/libRadiance.dylib
0x00007fff3e8e1000 	/System/Library/PrivateFrameworks/AppleJPEG.framework/Versions/A/AppleJPEG
0x00007fff32daa000 	/System/Library/Frameworks/MetalPerformanceShaders.framework/Frameworks/MPSCore.framework/Versions/A/MPSCore
0x00007fff32dc6000 	/System/Library/Frameworks/MetalPerformanceShaders.framework/Frameworks/MPSImage.framework/Versions/A/MPSImage
0x00007fff32e5b000 	/System/Library/Frameworks/MetalPerformanceShaders.framework/Frameworks/MPSNeuralNetwork.framework/Versions/A/MPSNeuralNetwork
0x00007fff32e36000 	/System/Library/Frameworks/MetalPerformanceShaders.framework/Frameworks/MPSMatrix.framework/Versions/A/MPSMatrix
0x00007fff49cdc000 	/System/Library/PrivateFrameworks/MetalTools.framework/Versions/A/MetalTools
0x00007fff38110000 	/System/Library/Frameworks/OpenGL.framework/Versions/A/Libraries/libGLU.dylib
0x00007fff37f50000 	/System/Library/Frameworks/OpenGL.framework/Versions/A/Libraries/libGFXShared.dylib
0x00007fff37f5a000 	/System/Library/Frameworks/OpenGL.framework/Versions/A/Libraries/libGL.dylib
0x00007fff37f66000 	/System/Library/Frameworks/OpenGL.framework/Versions/A/Libraries/libGLImage.dylib
0x00007fff37f42000 	/System/Library/Frameworks/OpenGL.framework/Versions/A/Libraries/libCVMSPluginSupport.dylib
0x00007fff37f4b000 	/System/Library/Frameworks/OpenGL.framework/Versions/A/Libraries/libCoreVMClient.dylib
0x00007fff54b94000 	/usr/lib/libcups.2.dylib
0x00007fff32311000 	/System/Library/Frameworks/Kerberos.framework/Versions/A/Kerberos
0x00007fff30ad7000 	/System/Library/Frameworks/GSS.framework/Versions/A/GSS
0x00007fff55c98000 	/usr/lib/libresolv.9.dylib
0x00007fff54d92000 	/usr/lib/libiconv.2.dylib
0x00007fff47e57000 	/System/Library/PrivateFrameworks/Heimdal.framework/Versions/A/Heimdal
0x00007fff54d61000 	/usr/lib/libheimdal-asn1.dylib
0x00007fff36db8000 	/System/Library/Frameworks/OpenDirectory.framework/Versions/A/OpenDirectory
0x00007fff40bf7000 	/System/Library/PrivateFrameworks/CommonAuth.framework/Versions/A/CommonAuth
0x00007fff36d9b000 	/System/Library/Frameworks/OpenDirectory.framework/Versions/A/Frameworks/CFOpenDirectory.framework/Versions/A/CFOpenDirectory
0x00007fff3a6d2000 	/System/Library/Frameworks/SecurityFoundation.framework/Versions/A/SecurityFoundation
0x00007fff3daa6000 	/System/Library/PrivateFrameworks/APFS.framework/Versions/A/APFS
0x00007fff560cd000 	/usr/lib/libutil.dylib
0x00007fff3e964000 	/System/Library/PrivateFrameworks/AppleSauce.framework/Versions/A/AppleSauce
0x00007fff48fc3000 	/System/Library/PrivateFrameworks/LinguisticData.framework/Versions/A/LinguisticData
0x00007fff55114000 	/usr/lib/libmarisa.dylib
0x00007fff48f7d000 	/System/Library/PrivateFrameworks/Lexicon.framework/Versions/A/Lexicon
0x00007fff53d11000 	/usr/lib/libChineseTokenizer.dylib
0x00007fff543d6000 	/usr/lib/libcmph.dylib
0x00007fff48e87000 	/System/Library/PrivateFrameworks/LanguageModeling.framework/Versions/A/LanguageModeling
0x00007fff41706000 	/System/Library/PrivateFrameworks/CoreEmoji.framework/Versions/A/CoreEmoji
0x00007fff3a790000 	/System/Library/Frameworks/ServiceManagement.framework/Versions/A/ServiceManagement
0x00007fff3f1ae000 	/System/Library/PrivateFrameworks/BackgroundTaskManagement.framework/Versions/A/BackgroundTaskManagement
0x00007fff561ca000 	/usr/lib/libxslt.1.dylib
0x00007fff2db8f000 	/System/Library/Frameworks/Carbon.framework/Versions/A/Frameworks/Ink.framework/Versions/A/Ink
0x00007fff5205b000 	/System/Library/PrivateFrameworks/TextureIO.framework/Versions/A/TextureIO
0x00007fff541fb000 	/usr/lib/libate.dylib
0x00007fff427e0000 	/System/Library/PrivateFrameworks/CrashReporterSupport.framework/Versions/A/CrashReporterSupport
0x00007fff4f3ab000 	/System/Library/PrivateFrameworks/Sharing.framework/Versions/A/Sharing
0x00007fff48bc8000 	/System/Library/PrivateFrameworks/IconServices.framework/Versions/A/IconServices
0x00007fff3edde000 	/System/Library/PrivateFrameworks/AuthKit.framework/Versions/A/AuthKit
0x00007fff3e764000 	/System/Library/PrivateFrameworks/Apple80211.framework/Versions/A/Apple80211
0x00007fff425f5000 	/System/Library/PrivateFrameworks/CoreUtils.framework/Versions/A/CoreUtils
0x00007fff301d4000 	/System/Library/Frameworks/CoreWLAN.framework/Versions/A/CoreWLAN
0x00007fff30c19000 	/System/Library/Frameworks/IOBluetooth.framework/Versions/A/IOBluetooth
0x00007fff4d86b000 	/System/Library/PrivateFrameworks/ProtocolBuffer.framework/Versions/A/ProtocolBuffer
0x00007fff49ec5000 	/System/Library/PrivateFrameworks/MobileKeyBag.framework/Versions/A/MobileKeyBag
0x00007fff41eaa000 	/System/Library/PrivateFrameworks/CorePhoneNumbers.framework/Versions/A/CorePhoneNumbers
0x00007fff3e89c000 	/System/Library/PrivateFrameworks/AppleIDAuthSupport.framework/Versions/A/AppleIDAuthSupport
0x00007fff48e73000 	/System/Library/PrivateFrameworks/KeychainCircle.framework/Versions/A/KeychainCircle
0x00007fff4277b000 	/System/Library/PrivateFrameworks/CoreWiFi.framework/Versions/A/CoreWiFi
0x00007fff2e0da000 	/System/Library/Frameworks/CoreBluetooth.framework/Versions/A/CoreBluetooth
0x00007fff429ca000 	/System/Library/PrivateFrameworks/DebugSymbols.framework/Versions/A/DebugSymbols
0x00007fff423ab000 	/System/Library/PrivateFrameworks/CoreSymbolication.framework/Versions/A/CoreSymbolication
0x00007fff5184c000 	/System/Library/PrivateFrameworks/Symbolication.framework/Versions/A/Symbolication
0x00007fff3e78e000 	/System/Library/PrivateFrameworks/AppleFSCompression.framework/Versions/A/AppleFSCompression
0x00007fff50c99000 	/System/Library/PrivateFrameworks/SpeechRecognitionCore.framework/Versions/A/SpeechRecognitionCore
0x0000000101000000 	/Library/Java/JavaVirtualMachines/jdk-9.0.4.jdk/Contents/Home/lib/server/libjvm.dylib
0x00007fff55f9a000 	/usr/lib/libstdc++.6.0.9.dylib
0x0000000100712000 	/Library/Java/JavaVirtualMachines/jdk-9.0.4.jdk/Contents/Home/lib/libverify.dylib
0x000000010071f000 	/Library/Java/JavaVirtualMachines/jdk-9.0.4.jdk/Contents/Home/lib/libjava.dylib
0x000000010079d000 	/Library/Java/JavaVirtualMachines/jdk-9.0.4.jdk/Contents/Home/lib/libzip.dylib
0x00000001007a5000 	/Library/Java/JavaVirtualMachines/jdk-9.0.4.jdk/Contents/Home/lib/libjimage.dylib
0x0000000109ffa000 	/Library/Java/JavaVirtualMachines/jdk-9.0.4.jdk/Contents/Home/lib/libnio.dylib
0x000000010a00a000 	/Library/Java/JavaVirtualMachines/jdk-9.0.4.jdk/Contents/Home/lib/./libnet.dylib

VM Arguments:
jvm_args: -Dfile.encoding=UTF-8 
java_command: org.apache.catalina.startup.Tomcat$1
java_class_path (initial): /Users/TempUser/Documents/Note_API/target/classes:/Users/TempUser/.m2/repository/org/springframework/boot/spring-boot-starter-data-jpa/2.0.6.RELEASE/spring-boot-starter-data-jpa-2.0.6.RELEASE.jar:/Users/TempUser/.m2/repository/org/springframework/boot/spring-boot-starter/2.0.6.RELEASE/spring-boot-starter-2.0.6.RELEASE.jar:/Users/TempUser/.m2/repository/org/springframework/boot/spring-boot-starter-logging/2.0.6.RELEASE/spring-boot-starter-logging-2.0.6.RELEASE.jar:/Users/TempUser/.m2/repository/ch/qos/logback/logback-classic/1.2.3/logback-classic-1.2.3.jar:/Users/TempUser/.m2/repository/ch/qos/logback/logback-core/1.2.3/logback-core-1.2.3.jar:/Users/TempUser/.m2/repository/org/apache/logging/log4j/log4j-to-slf4j/2.10.0/log4j-to-slf4j-2.10.0.jar:/Users/TempUser/.m2/repository/org/apache/logging/log4j/log4j-api/2.10.0/log4j-api-2.10.0.jar:/Users/TempUser/.m2/repository/org/slf4j/jul-to-slf4j/1.7.25/jul-to-slf4j-1.7.25.jar:/Users/TempUser/.m2/repository/javax/annotation/javax.annotation-api/1.3.2/javax.annotation-api-1.3.2.jar:/Users/TempUser/.m2/repository/org/yaml/snakeyaml/1.19/snakeyaml-1.19.jar:/Users/TempUser/.m2/repository/org/springframework/boot/spring-boot-starter-aop/2.0.6.RELEASE/spring-boot-starter-aop-2.0.6.RELEASE.jar:/Users/TempUser/.m2/repository/org/springframework/spring-aop/5.0.10.RELEASE/spring-aop-5.0.10.RELEASE.jar:/Users/TempUser/.m2/repository/org/aspectj/aspectjweaver/1.8.13/aspectjweaver-1.8.13.jar:/Users/TempUser/.m2/repository/org/springframework/boot/spring-boot-starter-jdbc/2.0.6.RELEASE/spring-boot-starter-jdbc-2.0.6.RELEASE.jar:/Users/TempUser/.m2/repository/com/zaxxer/HikariCP/2.7.9/HikariCP-2.7.9.jar:/Users/TempUser/.m2/repository/org/springframework/spring-jdbc/5.0.10.RELEASE/spring-jdbc-5.0.10.RELEASE.jar:/Users/TempUser/.m2/repository/javax/transaction/javax.transaction-api/1.2/javax.transaction-api-1.2.jar:/Users/TempUser/.m2/repository/org/hibernate/hibernate-core/5.2.17.Final/hibernate-core-5.2.17.Fin
Launcher Type: SUN_STANDARD

Logging:
Log output configuration:
#0: stdout all=warning uptime,level,tags
#1: stderr all=off uptime,level,tags

Environment Variables:
PATH=/usr/bin:/bin:/usr/sbin:/sbin
SHELL=/bin/bash

Signal Handlers:
SIGSEGV: [libjvm.dylib+0x73f3dc], sa_mask[0]=11111111011111110111111111111111, sa_flags=SA_ONSTACK|SA_RESTART|SA_SIGINFO
SIGBUS: [libjvm.dylib+0x73f3dc], sa_mask[0]=11111111011111110111111111111111, sa_flags=SA_RESTART|SA_SIGINFO
SIGFPE: [libjvm.dylib+0x73f3dc], sa_mask[0]=11111111011111110111111111111111, sa_flags=SA_RESTART|SA_SIGINFO
SIGPIPE: [libjvm.dylib+0x5f233c], sa_mask[0]=11111111011111110111111111111111, sa_flags=SA_RESTART|SA_SIGINFO
SIGXFSZ: [libjvm.dylib+0x5f233c], sa_mask[0]=11111111011111110111111111111111, sa_flags=SA_RESTART|SA_SIGINFO
SIGILL: [libjvm.dylib+0x73f3dc], sa_mask[0]=11111111011111110111111111111111, sa_flags=SA_RESTART|SA_SIGINFO
SIGUSR2: [libjvm.dylib+0x5f2bcc], sa_mask[0]=00100000000000000000000000000000, sa_flags=SA_RESTART|SA_SIGINFO
SIGHUP: [libjvm.dylib+0x5f1409], sa_mask[0]=11111111011111110111111111111111, sa_flags=SA_RESTART|SA_SIGINFO
SIGINT: [libjvm.dylib+0x5f1409], sa_mask[0]=11111111011111110111111111111111, sa_flags=SA_RESTART|SA_SIGINFO
SIGTERM: [libjvm.dylib+0x5f1409], sa_mask[0]=11111111011111110111111111111111, sa_flags=SA_RESTART|SA_SIGINFO
SIGQUIT: [libjvm.dylib+0x5f1409], sa_mask[0]=11111111011111110111111111111111, sa_flags=SA_RESTART|SA_SIGINFO


---------------  S Y S T E M  ---------------

OS:uname:Darwin 17.7.0 Darwin Kernel Version 17.7.0: Thu Jun 21 22:53:14 PDT 2018; root:xnu-4570.71.2~1/RELEASE_X86_64 x86_64
rlimit: STACK 8192k, CORE 0k, NPROC 709, NOFILE 10240, AS infinity
load average:2.57 2.40 2.07

CPU:total 4 (initial active 4) (4 cores per cpu, 1 threads per core) family 6 model 60 stepping 3, cmov, cx8, fxsr, mmx, sse, sse2, sse3, ssse3, sse4.1, sse4.2, popcnt, avx, avx2, aes, clmul, erms, lzcnt, tsc, tscinvbit, bmi1, bmi2, fma

Memory: 4k page, physical 8388608k(501672k free)

vm_info: Java HotSpot(TM) 64-Bit Server VM (9.0.4+11) for bsd-amd64 JRE (9.0.4+11), built on Dec 20 2017 02:08:50 by "mach5one" with gcc 4.2.1 Compatible Apple LLVM 6.1.0 (clang-602.0.49)

END.
